build/app/outputs/mapping/release/seeds.txt
com.bmsecurity.bm.MainActivity
com.bmsecurity.bm.workers.LocationWorker
com.bmsecurity.bm.MainActivity: MainActivity()
com.bmsecurity.bm.workers.LocationWorker: LocationWorker(android.content.Context,androidx.work.WorkerParameters)
...
androidx.appcompat.widget.Toolbar: void setNavigationContentDescription(int)
androidx.core.app.NotificationCompat$Style$Api24Impl: void setChronometerCountDown(android.widget.RemoteViews,int,boolean)
androidx.window.extensions.core.util.function.Consumer: void accept(java.lang.Object)
com.google.gson.ToNumberPolicy: com.google.gson.ToNumberPolicy[] values()
androidx.recyclerview.widget.RecyclerView: boolean getClipToPadding()
id.flutter.flutter_background_service.BackgroundService: void runService()
androidx.appcompat.view.menu.ListMenuItemView: ListMenuItemView(android.content.Context,android.util.AttributeSet)
io.flutter.embedding.engine.FlutterJNI: void init(android.content.Context,java.lang.String[],java.lang.String,java.lang.String,java.lang.String,long)
androidx.lifecycle.ReportFragment$LifecycleCallbacks: void onActivityPostCreated(android.app.Activity,android.os.Bundle)
io.flutter.embedding.engine.FlutterJNI: void nativeUpdateDisplayMetrics(long)
androidx.core.app.AppOpsManagerCompat$Api29Impl: android.app.AppOpsManager getSystemService(android.content.Context)
androidx.core.view.ViewCompat$Api26Impl: int getNextClusterForwardId(android.view.View)
com.dexterous.flutterlocalnotifications.RuntimeTypeAdapterFactory: com.dexterous.flutterlocalnotifications.RuntimeTypeAdapterFactory of(java.lang.Class)
id.flutter.flutter_background_service.FlutterBackgroundServicePlugin$2: FlutterBackgroundServicePlugin$2(id.flutter.flutter_background_service.FlutterBackgroundServicePlugin,io.flutter.plugin.common.EventChannel$EventSink,org.json.JSONObject)
androidx.window.area.reflectionguard.WindowAreaComponentApi3Requirements: androidx.window.extensions.area.ExtensionWindowAreaPresentation getRearDisplayPresentation()
androidx.profileinstaller.ProfileInstallerInitializer: ProfileInstallerInitializer()
androidx.core.app.RemoteInput$Api26Impl: void addDataResultToIntent(androidx.core.app.RemoteInput,android.content.Intent,java.util.Map)
androidx.fragment.app.DefaultSpecialEffectsController$Api26Impl: void setCurrentPlayTime(android.animation.AnimatorSet,long)
androidx.appcompat.widget.SwitchCompat: void setThumbTintMode(android.graphics.PorterDuff$Mode)
androidx.appcompat.widget.MenuPopupWindow$MenuDropDownListView: void setSelector(android.graphics.drawable.Drawable)
io.flutter.view.AccessibilityViewEmbedder: void addChildrenToFlutterNode(android.view.accessibility.AccessibilityNodeInfo,android.view.View,android.view.accessibility.AccessibilityNodeInfo)
io.flutter.plugins.imagepicker.ImagePickerFileProvider: ImagePickerFileProvider()
io.flutter.embedding.engine.renderer.FlutterRenderer$ImageReaderSurfaceProducer: io.flutter.embedding.engine.renderer.FlutterRenderer$ImageReaderSurfaceProducer$PerImageReader getActiveReader()
androidx.appcompat.widget.ActionMenuView: android.view.Menu getMenu()
com.baseflow.geolocator.location.LocationAccuracyStatus: com.baseflow.geolocator.location.LocationAccuracyStatus valueOf(java.lang.String)
io.flutter.embedding.engine.FlutterJNI: void asyncWaitForVsync(long)
com.dexterous.flutterlocalnotifications.RuntimeTypeAdapterFactory: RuntimeTypeAdapterFactory(java.lang.Class,java.lang.String)
androidx.core.view.ViewCompat$Api20Impl: void requestApplyInsets(android.view.View)
io.flutter.embedding.engine.FlutterJNI: void nativeSurfaceDestroyed(long)
kotlinx.coroutines.android.AndroidDispatcherFactory: int getLoadPriority()
androidx.datastore.preferences.protobuf.Writer$FieldOrder: androidx.datastore.preferences.protobuf.Writer$FieldOrder valueOf(java.lang.String)
androidx.lifecycle.ProcessLifecycleOwner$attach$1$onActivityPreCreated$1: ProcessLifecycleOwner$attach$1$onActivityPreCreated$1(androidx.lifecycle.ProcessLifecycleOwner)
androidx.core.view.WindowInsetsCompat$BuilderImpl: void setTappableElementInsets(androidx.core.graphics.Insets)
androidx.appcompat.widget.AppCompatImageView: android.graphics.PorterDuff$Mode getSupportImageTintMode()
io.flutter.embedding.engine.FlutterJNI: void onPreEngineRestart()