build/app/outputs/mapping/release/usage.txt
com.bmsecurity.bm.BuildConfig
com.bmsecurity.bm.R$drawable
com.bmsecurity.bm.R$mipmap
com.bmsecurity.bm.R$style
com.bmsecurity.bm.R
com.bmsecurity.bm.workers.LocationWorker:
    private static final int NOTIFICATION_ID
    public static final synthetic java.lang.Object access$sendLocationToServer(com.bmsecurity.bm.workers.LocationWorker,android.location.Location,kotlin.coroutines.Continuation)
com.bmsecurity.bm.MainActivity:
    public final void configureFlutterEngine()
    public static void createNotificationChannel()
com.bmsecurity.bm.workers.LocationWorker$Companion
com.bmsecurity.bm.workers.LocationWorker:
    public static final androidx.work.Constraints$Companion Companion
    public final com.google.gson.Gson gson
    static void <clinit>()
    public static androidx.work.ForegroundInfo createForegroundInfo()
...
kotlin.enums.EnumEntriesList
kotlin.internal.PlatformImplementations$ReflectThrowable:
    public static final kotlin.internal.PlatformImplementations$ReflectThrowable INSTANCE
    public static final java.lang.reflect.Method getSuppressed
kotlin.internal.PlatformImplementations
kotlin.internal.PlatformImplementationsKt
kotlin.internal.ProgressionUtilKt
kotlin.internal.jdk7.JDK7PlatformImplementations$ReflectSdkVersion:
    public static final kotlin.internal.jdk7.JDK7PlatformImplementations$ReflectSdkVersion INSTANCE
kotlin.internal.jdk7.JDK7PlatformImplementations
kotlin.internal.jdk8.JDK8PlatformImplementations$ReflectSdkVersion:
    public static final kotlin.internal.jdk8.JDK8PlatformImplementations$ReflectSdkVersion INSTANCE
kotlin.internal.jdk8.JDK8PlatformImplementations
kotlin.io.CloseableKt
kotlin.io.FilesKt
kotlin.io.FilesKt__FilePathComponentsKt
kotlin.io.FilesKt__FileReadWriteKt
kotlin.io.FilesKt__FileTreeWalkKt
kotlin.io.FilesKt__UtilsKt
kotlin.jvm.JvmClassMappingKt
kotlin.jvm.functions.Function4
kotlin.jvm.functions.Function6:
    public abstract java.lang.Object invoke$16()
kotlin.jvm.internal.ArrayIterator
kotlin.jvm.internal.ArrayIteratorKt
kotlin.jvm.internal.CallableReference$NoReceiver:
    public static synthetic kotlin.jvm.internal.CallableReference$NoReceiver access$000()
kotlin.jvm.internal.CallableReference:
    public static final kotlin.jvm.internal.CallableReference$NoReceiver NO_RECEIVER
    static void <clinit>()
    public kotlin.reflect.KCallable compute()
    public abstract java.lang.Object getBoundReceiver()
    public abstract java.lang.String getName()
    public abstract kotlin.reflect.KCallable getReflected()
    public abstract java.lang.String getSignature()
kotlin.jvm.internal.ClassReference$Companion
kotlin.jvm.internal.ClassReference:
    public static final kotlin.collections.AbstractList$Companion Companion
    public static final java.util.HashMap primitiveFqNames
    public static final java.util.HashMap primitiveWrapperFqNames
    public final java.lang.String getQualifiedName()
    public final boolean isInstance()
kotlin.jvm.internal.DefaultConstructorMarker:
    public static synthetic void cancel$default(kotlinx.coroutines.Job)
    public static long coerceAtLeast(long,long)
    public static long coerceAtMost(long,long)
    public static final void dispatcherFailure(kotlin.coroutines.Continuation,java.lang.Throwable)
    public static kotlin.ranges.IntProgression downTo(int,int)
    public static final java.lang.Object toState(java.lang.Object,kotlin.jvm.functions.Function1)
    public static java.lang.Object toState$default(java.lang.Object)
kotlin.jvm.internal.FunctionReference
kotlin.jvm.internal.FunctionReferenceImpl:
    public abstract kotlin.reflect.KCallable computeReflected$kotlin$jvm$internal$FunctionReference()
    public abstract int getArity$kotlin$jvm$internal$FunctionReference()
kotlin.jvm.internal.InlineMarker
kotlin.jvm.internal.Intrinsics:
    public static final java.util.concurrent.CancellationException CancellationException(java.lang.String,java.lang.Throwable)
    public static final kotlinx.coroutines.flow.CallbackFlowBuilder callbackFlow(kotlin.jvm.functions.Function2)
    public static final void cancelConsumed(kotlinx.coroutines.channels.ReceiveChannel,java.lang.Throwable)
    public static final void checkParallelism(int)
    public static int compare(int,int)
    public static final void ensureActive(kotlinx.coroutines.flow.FlowCollector)
    public static final java.lang.Throwable handlerException(java.lang.Throwable,java.lang.Throwable)
    public static synthetic void unlock$default(kotlinx.coroutines.sync.MutexImpl)
kotlin.jvm.internal.PackageReference:
    public final java.lang.String moduleName
kotlin.jvm.internal.PropertyReference0